<?xml version="1.0" encoding="UTF-8"?>
<!-- Generated by org.testng.reporters.JUnitXMLReporter -->
<testsuite ignored="0" hostname="Riteshs-Mac-mini.local" failures="0" tests="3" name="Chrome Tests" time="12.437" errors="0" timestamp="2026-02-04T20:30:05 IST">
  <testcase classname="tests.LoginTest" name="testValidLogin" time="0.387"/>
  <testcase classname="tests.LoginTest" name="testLoginWithDataProvider" time="0.412"/>
  <testcase classname="tests.LoginTest" name="testInvalidLogin" time="10.316"/>
</testsuite> <!-- Chrome Tests -->
