<?xml version="1.0" encoding="UTF-8"?>
<testng-results ignored="0" total="3" passed="3" failed="0" skipped="0">
  <reporter-output>
  </reporter-output>
  <suite started-at="2026-02-04T20:29:53 IST" name="Cross Browser Parallel Test Suite" finished-at="2026-02-04T20:30:05 IST" duration-ms="12437">
    <groups>
    </groups>
    <test started-at="2026-02-04T20:29:53 IST" name="Chrome Tests" finished-at="2026-02-04T20:30:05 IST" duration-ms="12437">
      <class name="tests.LoginTest">
        <test-method is-config="true" signature="setupFramework()[pri:0, instance:tests.LoginTest@6da00fb9]" started-at="2026-02-04T20:29:53 IST" name="setupFramework" finished-at="2026-02-04T20:29:53 IST" duration-ms="4" status="PASS">
          <reporter-output>
          </reporter-output>
        </test-method> <!-- setupFramework -->
        <test-method is-config="true" signature="setup(java.lang.String)[pri:0, instance:tests.LoginTest@6da00fb9]" started-at="2026-02-04T20:29:53 IST" name="setup" finished-at="2026-02-04T20:29:55 IST" duration-ms="1980" status="PASS">
          <params>
            <param index="0">
              <value>
                <![CDATA[chrome]]>
              </value>
            </param>
          </params>
          <reporter-output>
          </reporter-output>
        </test-method> <!-- setup -->
        <test-method is-config="true" signature="setup(java.lang.String)[pri:0, instance:tests.LoginTest@6da00fb9]" started-at="2026-02-04T20:29:53 IST" name="setup" finished-at="2026-02-04T20:29:54 IST" duration-ms="1855" status="PASS">
          <params>
            <param index="0">
              <value>
                <![CDATA[chrome]]>
              </value>
            </param>
          </params>
          <reporter-output>
          </reporter-output>
        </test-method> <!-- setup -->
        <test-method is-config="true" signature="setup(java.lang.String)[pri:0, instance:tests.LoginTest@6da00fb9]" started-at="2026-02-04T20:29:53 IST" name="setup" finished-at="2026-02-04T20:29:55 IST" duration-ms="1860" status="PASS">
          <params>
            <param index="0">
              <value>
                <![CDATA[chrome]]>
              </value>
            </param>
          </params>
          <reporter-output>
          </reporter-output>
        </test-method> <!-- setup -->
        <test-method signature="testValidLogin()[pri:1, instance:tests.LoginTest@6da00fb9]" started-at="2026-02-04T20:29:54 IST" name="testValidLogin" description="Verify login with valid credentials" finished-at="2026-02-04T20:29:55 IST" duration-ms="387" status="PASS">
          <reporter-output>
          </reporter-output>
        </test-method> <!-- testValidLogin -->
        <test-method signature="testInvalidLogin()[pri:2, instance:tests.LoginTest@6da00fb9]" started-at="2026-02-04T20:29:55 IST" name="testInvalidLogin" description="Verify login with invalid credentials" finished-at="2026-02-04T20:30:05 IST" duration-ms="10316" status="PASS">
          <reporter-output>
          </reporter-output>
        </test-method> <!-- testInvalidLogin -->
        <test-method signature="testLoginWithDataProvider(java.lang.String,java.lang.String)[pri:3, instance:tests.LoginTest@6da00fb9]" started-at="2026-02-04T20:29:55 IST" name="testLoginWithDataProvider" data-provider="loginData" finished-at="2026-02-04T20:29:55 IST" duration-ms="412" status="PASS">
          <params>
            <param index="0">
              <value>
                <![CDATA[standard_user]]>
              </value>
            </param>
            <param index="1">
              <value>
                <![CDATA[secret_sauce]]>
              </value>
            </param>
          </params>
          <reporter-output>
          </reporter-output>
        </test-method> <!-- testLoginWithDataProvider -->
        <test-method is-config="true" signature="teardown()[pri:0, instance:tests.LoginTest@6da00fb9]" started-at="2026-02-04T20:29:55 IST" name="teardown" finished-at="2026-02-04T20:29:55 IST" duration-ms="87" status="PASS">
          <reporter-output>
          </reporter-output>
        </test-method> <!-- teardown -->
        <test-method is-config="true" signature="teardown()[pri:0, instance:tests.LoginTest@6da00fb9]" started-at="2026-02-04T20:29:55 IST" name="teardown" finished-at="2026-02-04T20:29:55 IST" duration-ms="86" status="PASS">
          <reporter-output>
          </reporter-output>
        </test-method> <!-- teardown -->
        <test-method is-config="true" signature="teardown()[pri:0, instance:tests.LoginTest@6da00fb9]" started-at="2026-02-04T20:30:05 IST" name="teardown" finished-at="2026-02-04T20:30:05 IST" duration-ms="93" status="PASS">
          <reporter-output>
          </reporter-output>
        </test-method> <!-- teardown -->
        <test-method is-config="true" signature="cleanupFramework()[pri:0, instance:tests.LoginTest@6da00fb9]" started-at="2026-02-04T20:30:05 IST" name="cleanupFramework" finished-at="2026-02-04T20:30:05 IST" duration-ms="0" status="PASS">
          <reporter-output>
          </reporter-output>
        </test-method> <!-- cleanupFramework -->
      </class> <!-- tests.LoginTest -->
    </test> <!-- Chrome Tests -->
  </suite> <!-- Cross Browser Parallel Test Suite -->
</testng-results>
