<?xml version="1.0" encoding="UTF-8"?>
<testng-results ignored="0" total="3" passed="3" failed="0" skipped="0">
  <reporter-output>
  </reporter-output>
  <suite started-at="2026-02-04T17:59:01 IST" name="Regression Test Suite" finished-at="2026-02-04T17:59:14 IST" duration-ms="12779">
    <groups>
    </groups>
    <test started-at="2026-02-04T17:59:01 IST" name="Login Tests" finished-at="2026-02-04T17:59:14 IST" duration-ms="12779">
      <class name="tests.LoginTest">
        <test-method is-config="true" signature="setUp()[pri:0, instance:tests.LoginTest@5a85c92]" started-at="2026-02-04T17:59:01 IST" name="setUp" finished-at="2026-02-04T17:59:03 IST" duration-ms="2176" status="PASS">
          <reporter-output>
          </reporter-output>
        </test-method> <!-- setUp -->
        <test-method is-config="true" signature="setUp()[pri:0, instance:tests.LoginTest@5a85c92]" started-at="2026-02-04T17:59:01 IST" name="setUp" finished-at="2026-02-04T17:59:03 IST" duration-ms="2318" status="PASS">
          <reporter-output>
          </reporter-output>
        </test-method> <!-- setUp -->
        <test-method is-config="true" signature="setUp()[pri:0, instance:tests.LoginTest@5a85c92]" started-at="2026-02-04T17:59:01 IST" name="setUp" finished-at="2026-02-04T17:59:03 IST" duration-ms="2029" status="PASS">
          <reporter-output>
          </reporter-output>
        </test-method> <!-- setUp -->
        <test-method signature="testInvalidLogin()[pri:2, instance:tests.LoginTest@5a85c92]" started-at="2026-02-04T17:59:03 IST" name="testInvalidLogin" description="Verify login with invalid credentials" finished-at="2026-02-04T17:59:14 IST" duration-ms="10446" status="PASS">
          <reporter-output>
          </reporter-output>
        </test-method> <!-- testInvalidLogin -->
        <test-method signature="testLoginWithDataProvider(java.lang.String,java.lang.String)[pri:3, instance:tests.LoginTest@5a85c92]" started-at="2026-02-04T17:59:03 IST" name="testLoginWithDataProvider" data-provider="loginData" finished-at="2026-02-04T17:59:04 IST" duration-ms="427" status="PASS">
          <params>
            <param index="0">
              <value>
                <![CDATA[standard_user]]>
              </value>
            </param>
            <param index="1">
              <value>
                <![CDATA[secret_sauce]]>
              </value>
            </param>
          </params>
          <reporter-output>
          </reporter-output>
        </test-method> <!-- testLoginWithDataProvider -->
        <test-method signature="testValidLogin()[pri:1, instance:tests.LoginTest@5a85c92]" started-at="2026-02-04T17:59:03 IST" name="testValidLogin" description="Verify login with valid credentials" finished-at="2026-02-04T17:59:04 IST" duration-ms="353" status="PASS">
          <reporter-output>
          </reporter-output>
        </test-method> <!-- testValidLogin -->
        <test-method is-config="true" signature="tearDown()[pri:0, instance:tests.LoginTest@5a85c92]" started-at="2026-02-04T17:59:04 IST" name="tearDown" finished-at="2026-02-04T17:59:04 IST" duration-ms="93" status="PASS">
          <reporter-output>
          </reporter-output>
        </test-method> <!-- tearDown -->
        <test-method is-config="true" signature="tearDown()[pri:0, instance:tests.LoginTest@5a85c92]" started-at="2026-02-04T17:59:04 IST" name="tearDown" finished-at="2026-02-04T17:59:04 IST" duration-ms="94" status="PASS">
          <reporter-output>
          </reporter-output>
        </test-method> <!-- tearDown -->
        <test-method is-config="true" signature="tearDown()[pri:0, instance:tests.LoginTest@5a85c92]" started-at="2026-02-04T17:59:14 IST" name="tearDown" finished-at="2026-02-04T17:59:14 IST" duration-ms="97" status="PASS">
          <reporter-output>
          </reporter-output>
        </test-method> <!-- tearDown -->
      </class> <!-- tests.LoginTest -->
    </test> <!-- Login Tests -->
  </suite> <!-- Regression Test Suite -->
</testng-results>
