<?xml version="1.0" encoding="UTF-8"?>
<!-- Generated by org.testng.reporters.JUnitReportReporter -->
<testsuite hostname="Riteshs-Mac-mini.local" failures="0" tests="3" name="tests.LoginTest" time="18.033" errors="0" timestamp="2026-02-04T17:59:14 IST" skipped="0">
  <testcase classname="tests.LoginTest" name="testValidLogin" time="2.623"/>
  <testcase classname="tests.LoginTest" name="testInvalidLogin" time="12.857"/>
  <testcase classname="tests.LoginTest" name="testLoginWithDataProvider" time="2.553"/>
</testsuite> <!-- tests.LoginTest -->
