<?xml version="1.0" encoding="UTF-8"?>
<!-- Generated by org.testng.reporters.JUnitReportReporter -->
<testsuite hostname="Riteshs-Mac-mini.local" failures="0" tests="3" name="tests.LoginTest" time="17.076" errors="0" timestamp="2026-02-04T20:30:05 IST" skipped="0">
  <testcase classname="tests.LoginTest" name="testValidLogin" time="2.454"/>
  <testcase classname="tests.LoginTest" name="testInvalidLogin" time="12.264"/>
  <testcase classname="tests.LoginTest" name="testLoginWithDataProvider" time="2.358"/>
</testsuite> <!-- tests.LoginTest -->
