<?xml version="1.0" encoding="UTF-8"?>
<!-- Generated by org.testng.reporters.JUnitXMLReporter -->
<testsuite ignored="0" hostname="Riteshs-Mac-mini.local" failures="0" tests="3" name="Login Tests" time="12.779" errors="0" timestamp="2026-02-04T17:59:14 IST">
  <testcase classname="tests.LoginTest" name="testLoginWithDataProvider" time="0.427"/>
  <testcase classname="tests.LoginTest" name="testValidLogin" time="0.353"/>
  <testcase classname="tests.LoginTest" name="testInvalidLogin" time="10.446"/>
</testsuite> <!-- Login Tests -->
